<?xml version="1.0" encoding="UTF-8"?>
<testng-results ignored="0" total="1" passed="1" failed="0" skipped="0">
  <reporter-output>
  </reporter-output>
  <suite started-at="2022-02-06T00:25:16 IST" name="Default suite" finished-at="2022-02-06T00:25:18 IST" duration-ms="1898">
    <groups>
    </groups>
    <test started-at="2022-02-06T00:25:16 IST" name="Default test" finished-at="2022-02-06T00:25:18 IST" duration-ms="1898">
      <class name="com.qa.test.MainTest">
        <test-method is-config="true" signature="Setup()[pri:0, instance:com.qa.test.MainTest@1b1473ab]" started-at="2022-02-06T00:25:16 IST" name="Setup" finished-at="2022-02-06T00:25:16 IST" duration-ms="12" status="PASS">
          <reporter-output>
          </reporter-output>
        </test-method> <!-- Setup -->
        <test-method signature="Testing()[pri:0, instance:com.qa.test.MainTest@1b1473ab]" started-at="2022-02-06T00:25:16 IST" name="Testing" finished-at="2022-02-06T00:25:18 IST" duration-ms="1764" status="PASS">
          <reporter-output>
          </reporter-output>
        </test-method> <!-- Testing -->
      </class> <!-- com.qa.test.MainTest -->
    </test> <!-- Default test -->
  </suite> <!-- Default suite -->
</testng-results>
